0 info it worked if it ends with ok
1 verbose cli [ 'node', '/usr/local/bin/npm', 'i' ]
2 info using npm@2.13.0
3 info using node@v0.12.1
4 verbose readDependencies loading dependencies from /Users/sergio.jimenez/Desktop/Git_Projects/architecture_test/package.json
5 error install Couldn't read dependencies
6 verbose stack Error: Failed to parse json
6 verbose stack Trailing comma in object at 16:3
6 verbose stack   },
6 verbose stack   ^
6 verbose stack     at parseError (/usr/local/lib/node_modules/npm/node_modules/read-package-json/read-json.js:379:11)
6 verbose stack     at parseJson (/usr/local/lib/node_modules/npm/node_modules/read-package-json/read-json.js:68:23)
6 verbose stack     at /usr/local/lib/node_modules/npm/node_modules/read-package-json/read-json.js:48:5
6 verbose stack     at evalmachine.<anonymous>:336:14
6 verbose stack     at /usr/local/lib/node_modules/npm/node_modules/read-package-json/node_modules/graceful-fs/graceful-fs.js:102:5
6 verbose stack     at FSReqWrap.oncomplete (evalmachine.<anonymous>:99:15)
7 verbose cwd /Users/sergio.jimenez/Desktop/Git_Projects/architecture_test
8 error Darwin 14.0.0
9 error argv "node" "/usr/local/bin/npm" "i"
10 error node v0.12.1
11 error npm  v2.13.0
12 error file /Users/sergio.jimenez/Desktop/Git_Projects/architecture_test/package.json
13 error code EJSONPARSE
14 error Failed to parse json
14 error Trailing comma in object at 16:3
14 error   },
14 error   ^
15 error File: /Users/sergio.jimenez/Desktop/Git_Projects/architecture_test/package.json
16 error Failed to parse package.json data.
16 error package.json must be actual JSON, not just JavaScript.
16 error
16 error This is not a bug in npm.
16 error Tell the package author to fix their package.json file. JSON.parse
17 verbose exit [ 1, true ]
